<?xml version="1.0" encoding="UTF-8"?>
<!-- Generated by org.testng.reporters.JUnitReportReporter -->
<testsuite skipped="0" hostname="DESKTOP-1VVFV5H" name="com.capgemini.selenium.actitime.ActitimeTest" tests="1" failures="0" timestamp="16 Jan 2020 12:10:48 GMT" time="15.046" errors="0">
  <testcase name="before" time="15.046" classname="com.capgemini.selenium.actitime.ActitimeTest"/>
</testsuite> <!-- com.capgemini.selenium.actitime.ActitimeTest -->
