<?xml version="1.0" encoding="UTF-8"?>
<!-- Generated by org.testng.reporters.JUnitReportReporter -->
<testsuite skipped="0" hostname="DESKTOP-1VVFV5H" name="com.capgemini.selenium.testng.TestNg1" tests="1" failures="0" timestamp="16 Jan 2020 11:32:57 GMT" time="9.157" errors="0">
  <testcase name="demo1" time="9.157" classname="com.capgemini.selenium.testng.TestNg1"/>
</testsuite> <!-- com.capgemini.selenium.testng.TestNg1 -->
